0 info it worked if it ends with ok
1 verbose cli [ '/usr/local/bin/node',
1 verbose cli   '/usr/local/bin/npm',
1 verbose cli   'run',
1 verbose cli   'build-dev' ]
2 info using npm@4.0.3
3 info using node@v9.4.0
4 verbose run-script [ 'prebuild-dev', 'build-dev', 'postbuild-dev' ]
5 info lifecycle cpm-web@~prebuild-dev: cpm-web@
6 silly lifecycle cpm-web@~prebuild-dev: no script for prebuild-dev, continuing
7 info lifecycle cpm-web@~build-dev: cpm-web@
8 verbose lifecycle cpm-web@~build-dev: unsafe-perm in lifecycle true
9 verbose lifecycle cpm-web@~build-dev: PATH: /usr/local/lib/node_modules/npm/bin/node-gyp-bin:/Users/antoniskountouris/Documents/cpm.clh/node_modules/.bin:/usr/local/opt/mysql@5.7/bin:/usr/local/sbin:/usr/local/bin:/usr/bin:/bin:/usr/sbin:/sbin:/opt/X11/bin:/Applications/Postgres.app/Contents/Versions/latest/bin:/Users/antoniskountouris/Documents/cpm.clh/node_modules/.bin
10 verbose lifecycle cpm-web@~build-dev: CWD: /Users/antoniskountouris/Documents/cpm.clh
11 silly lifecycle cpm-web@~build-dev: Args: [ '-c',
11 silly lifecycle   'npm run build-cpm && npm run dev && COMPOSER_MEMORY_LIMIT=-1 composer ide' ]
12 silly lifecycle cpm-web@~build-dev: Returned: code: 1  signal: null
13 info lifecycle cpm-web@~build-dev: Failed to exec build-dev script
14 verbose stack Error: cpm-web@ build-dev: `npm run build-cpm && npm run dev && COMPOSER_MEMORY_LIMIT=-1 composer ide`
14 verbose stack Exit status 1
14 verbose stack     at EventEmitter.<anonymous> (/usr/local/lib/node_modules/npm/lib/utils/lifecycle.js:279:16)
14 verbose stack     at EventEmitter.emit (events.js:160:13)
14 verbose stack     at ChildProcess.<anonymous> (/usr/local/lib/node_modules/npm/lib/utils/spawn.js:40:14)
14 verbose stack     at ChildProcess.emit (events.js:160:13)
14 verbose stack     at maybeClose (internal/child_process.js:943:16)
14 verbose stack     at Process.ChildProcess._handle.onexit (internal/child_process.js:220:5)
15 verbose pkgid cpm-web@
16 verbose cwd /Users/antoniskountouris/Documents/cpm.clh
17 error Darwin 19.6.0
18 error argv "/usr/local/bin/node" "/usr/local/bin/npm" "run" "build-dev"
19 error node v9.4.0
20 error npm  v4.0.3
21 error code ELIFECYCLE
22 error cpm-web@ build-dev: `npm run build-cpm && npm run dev && COMPOSER_MEMORY_LIMIT=-1 composer ide`
22 error Exit status 1
23 error Failed at the cpm-web@ build-dev script 'npm run build-cpm && npm run dev && COMPOSER_MEMORY_LIMIT=-1 composer ide'.
23 error Make sure you have the latest version of node.js and npm installed.
23 error If you do, this is most likely a problem with the cpm-web package,
23 error not with npm itself.
23 error Tell the author that this fails on your system:
23 error     npm run build-cpm && npm run dev && COMPOSER_MEMORY_LIMIT=-1 composer ide
23 error You can get information on how to open an issue for this project with:
23 error     npm bugs cpm-web
23 error Or if that isn't available, you can get their info via:
23 error     npm owner ls cpm-web
23 error There is likely additional logging output above.
24 verbose exit [ 1, true ]
